#
# A fatal error has been detected by the Java Runtime Environment:
#
#  EXCEPTION_ACCESS_VIOLATION (0xc0000005) at pc=0x6ceec434, pid=7804, tid=4220
#
# JRE version: 7.0_17-b02
# Java VM: Java HotSpot(TM) Client VM (23.7-b01 mixed mode, sharing windows-x86 )
# Problematic frame:
# C  [gdx.dll+0x2c434]  Java_com_badlogic_gdx_utils_BufferUtils_copyJni__Ljava_nio_Buffer_2ILjava_nio_Buffer_2II+0x13c4
#
# Failed to write core dump. Minidumps are not enabled by default on client versions of Windows
#
# If you would like to submit a bug report, please visit:
#   http://bugreport.sun.com/bugreport/crash.jsp
# The crash happened outside the Java Virtual Machine in native code.
# See problematic frame for where to report the bug.
#

---------------  T H R E A D  ---------------

Current thread (0x041d7000):  JavaThread "LWJGL Application" [_thread_in_native, id=4220, stack(0x052d0000,0x05320000)]

siginfo: ExceptionCode=0xc0000005, reading address 0x15294fc4

Registers:
EAX=0x00000001, EBX=0x00000001, ECX=0x15294fc4, EDX=0x15294fc4
ESP=0x0531f7ac, EBP=0x00000100, ESI=0x00000001, EDI=0x00000001
EIP=0x6ceec434, EFLAGS=0x00010202

Top of Stack: (sp=0x0531f7ac)
0x0531f7ac:   6ceed60d 15294fc4 ffffffff 0531f7b8
0x0531f7bc:   00000000 0531f7f4 382c1a28 00000000
0x0531f7cc:   382c32a0 00000100 0531f7e8 0531f818
0x0531f7dc:   01c533c4 00000000 04384060 00000000
0x0531f7ec:   00000200 00000200 15294fc4 0531f7f8
0x0531f7fc:   00000046 00000001 00000001 6ceec3b0
0x0531f80c:   c4004600 00000004 000000ff 0531f848
0x0531f81c:   6ceec430 04384060 00000004 000000ff 

Instructions: (pc=0x6ceec434)
0x6ceec414:   0f b6 02 0f b6 4a 01 0f b6 52 02 c1 e0 10 c1 e1
0x6ceec424:   08 09 c8 09 d0 c3 8d b6 00 00 00 00 8b 54 24 04
0x6ceec434:   0f b6 02 0f b6 4a 01 c1 e0 18 c1 e1 10 09 c8 0f
0x6ceec444:   b6 4a 03 0f b6 52 02 09 c8 c1 e2 08 09 d0 c3 8d 


Register to memory mapping:

EAX=0x00000001 is an unknown value
EBX=0x00000001 is an unknown value
ECX=0x15294fc4 is an unknown value
EDX=0x15294fc4 is an unknown value
ESP=0x0531f7ac is pointing into the stack for thread: 0x041d7000
EBP=0x00000100 is an unknown value
ESI=0x00000001 is an unknown value
EDI=0x00000001 is an unknown value


Stack: [0x052d0000,0x05320000],  sp=0x0531f7ac,  free space=317k
Native frames: (J=compiled Java code, j=interpreted, Vv=VM code, C=native code)
C  [gdx.dll+0x2c434]  Java_com_badlogic_gdx_utils_BufferUtils_copyJni__Ljava_nio_Buffer_2ILjava_nio_Buffer_2II+0x13c4

[error occurred during error reporting (printing native stack), id 0xc0000005]

Java frames: (J=compiled Java code, j=interpreted, Vv=VM code)
j  com.badlogic.gdx.graphics.g2d.Gdx2DPixmap.drawLine(JIIIII)V+0
j  com.badlogic.gdx.graphics.g2d.Gdx2DPixmap.drawLine(IIIII)V+11
j  com.badlogic.gdx.graphics.Pixmap.drawLine(IIII)V+13
j  com.mrljdx.llk.MainMenuScreen.draw(F)V+125
j  com.mrljdx.llk.MainMenuScreen.render(F)V+2
j  com.badlogic.gdx.Game.render()V+19
j  com.badlogic.gdx.backends.lwjgl.LwjglApplication.mainLoop()V+491
j  com.badlogic.gdx.backends.lwjgl.LwjglApplication$1.run()V+27
v  ~StubRoutines::call_stub

---------------  P R O C E S S  ---------------

Java Threads: ( => current thread )
  0x041d8400 JavaThread "LWJGL Timer" daemon [_thread_blocked, id=1668, stack(0x0ba60000,0x0bab0000)]
  0x041d7400 JavaThread "DestroyJavaVM" [_thread_blocked, id=6964, stack(0x00380000,0x003d0000)]
=>0x041d7000 JavaThread "LWJGL Application" [_thread_in_native, id=4220, stack(0x052d0000,0x05320000)]
  0x01ab4c00 JavaThread "Service Thread" daemon [_thread_blocked, id=6396, stack(0x03ce0000,0x03d30000)]
  0x01ab0000 JavaThread "C1 CompilerThread0" daemon [_thread_blocked, id=7720, stack(0x04010000,0x04060000)]
  0x01aaec00 JavaThread "Attach Listener" daemon [_thread_blocked, id=7436, stack(0x03d60000,0x03db0000)]
  0x01aab800 JavaThread "Signal Dispatcher" daemon [_thread_blocked, id=7424, stack(0x03ee0000,0x03f30000)]
  0x01a8a000 JavaThread "Finalizer" daemon [_thread_blocked, id=7432, stack(0x01bc0000,0x01c10000)]
  0x01a85400 JavaThread "Reference Handler" daemon [_thread_blocked, id=7416, stack(0x03e60000,0x03eb0000)]

Other Threads:
  0x01a83800 VMThread [stack: 0x03dd0000,0x03e20000] [id=7420]
  0x04070c00 WatcherThread [stack: 0x04310000,0x04360000] [id=6516]

VM state:not at safepoint (normal execution)

VM Mutex/Monitor currently owned by a thread: None

Heap
 def new generation   total 4928K, used 3899K [0x23870000, 0x23dc0000, 0x28dc0000)
  eden space 4416K,  76% used [0x23870000, 0x23bbecb0, 0x23cc0000)
  from space 512K, 100% used [0x23cc0000, 0x23d40000, 0x23d40000)
  to   space 512K,   0% used [0x23d40000, 0x23d40000, 0x23dc0000)
 tenured generation   total 10944K, used 2203K [0x28dc0000, 0x29870000, 0x33870000)
   the space 10944K,  20% used [0x28dc0000, 0x28fe6d38, 0x28fe6e00, 0x29870000)
 compacting perm gen  total 12288K, used 2050K [0x33870000, 0x34470000, 0x37870000)
   the space 12288K,  16% used [0x33870000, 0x33a709e8, 0x33a70a00, 0x34470000)
    ro space 10240K,  42% used [0x37870000, 0x37cb1d60, 0x37cb1e00, 0x38270000)
    rw space 12288K,  54% used [0x38270000, 0x388f2928, 0x388f2a00, 0x38e70000)

Card table byte_map: [0x01b10000,0x01bc0000] byte_map_base: 0x019f3c80

Polling page: 0x00130000

Code Cache  [0x01c50000, 0x01d78000, 0x03c50000)
 total_blobs=421 nmethods=187 adapters=169 free_code_cache=31600Kb largest_free_block=32358528

Compilation events (10 events):
Event: 1.174 Thread 0x01ab0000  182             com.jcraft.jorbis.Floor1::render_point (60 bytes)
Event: 1.174 Thread 0x01ab0000 nmethod 182 0x01d6f5c8 code [0x01d6f6c0, 0x01d6f7a0]
Event: 1.194 Thread 0x01ab0000  183             com.jcraft.jorbis.Residue0::look (356 bytes)
Event: 1.195 Thread 0x01ab0000 nmethod 183 0x01d6f808 code [0x01d6f9a0, 0x01d70198]
Event: 1.195 Thread 0x01ab0000  184             com.jcraft.jorbis.CodeBook::decodevv_add (102 bytes)
Event: 1.195 Thread 0x01ab0000 nmethod 184 0x01d70f08 code [0x01d71030, 0x01d7125c]
Event: 1.195 Thread 0x01ab0000  185             com.jcraft.jorbis.Residue0::_2inverse (271 bytes)
Event: 1.196 Thread 0x01ab0000 nmethod 185 0x01d715c8 code [0x01d71730, 0x01d71c28]
Event: 1.247 Thread 0x01ab0000  186             java.util.zip.Inflater::ensureOpen (47 bytes)
Event: 1.248 Thread 0x01ab0000 nmethod 186 0x01d72fc8 code [0x01d730d0, 0x01d731dc]

GC Heap History (8 events):
Event: 0.393 GC heap before
{Heap before GC invocations=0 (full 0):
 def new generation   total 4928K, used 4393K [0x23870000, 0x23dc0000, 0x28dc0000)
  eden space 4416K,  99% used [0x23870000, 0x23cba7a8, 0x23cc0000)
  from space 512K,   0% used [0x23cc0000, 0x23cc0000, 0x23d40000)
  to   space 512K,   0% used [0x23d40000, 0x23d40000, 0x23dc0000)
 tenured generation   total 10944K, used 0K [0x28dc0000, 0x29870000, 0x33870000)
   the space 10944K,   0% used [0x28dc0000, 0x28dc0000, 0x28dc0200, 0x29870000)
 compacting perm gen  total 12288K, used 954K [0x33870000, 0x34470000, 0x37870000)
   the space 12288K,   7% used [0x33870000, 0x3395e870, 0x3395ea00, 0x34470000)
    ro space 10240K,  42% used [0x37870000, 0x37cb1d60, 0x37cb1e00, 0x38270000)
    rw space 12288K,  54% used [0x38270000, 0x388f2928, 0x388f2a00, 0x38e70000)
Event: 0.397 GC heap after
Heap after GC invocations=1 (full 0):
 def new generation   total 4928K, used 512K [0x23870000, 0x23dc0000, 0x28dc0000)
  eden space 4416K,   0% used [0x23870000, 0x23870000, 0x23cc0000)
  from space 512K, 100% used [0x23d40000, 0x23dc0000, 0x23dc0000)
  to   space 512K,   0% used [0x23cc0000, 0x23cc0000, 0x23d40000)
 tenured generation   total 10944K, used 858K [0x28dc0000, 0x29870000, 0x33870000)
   the space 10944K,   7% used [0x28dc0000, 0x28e96980, 0x28e96a00, 0x29870000)
 compacting perm gen  total 12288K, used 954K [0x33870000, 0x34470000, 0x37870000)
   the space 12288K,   7% used [0x33870000, 0x3395e870, 0x3395ea00, 0x34470000)
    ro space 10240K,  42% used [0x37870000, 0x37cb1d60, 0x37cb1e00, 0x38270000)
    rw space 12288K,  54% used [0x38270000, 0x388f2928, 0x388f2a00, 0x38e70000)
}
Event: 0.966 GC heap before
{Heap before GC invocations=1 (full 0):
 def new generation   total 4928K, used 4928K [0x23870000, 0x23dc0000, 0x28dc0000)
  eden space 4416K, 100% used [0x23870000, 0x23cc0000, 0x23cc0000)
  from space 512K, 100% used [0x23d40000, 0x23dc0000, 0x23dc0000)
  to   space 512K,   0% used [0x23cc0000, 0x23cc0000, 0x23d40000)
 tenured generation   total 10944K, used 858K [0x28dc0000, 0x29870000, 0x33870000)
   the space 10944K,   7% used [0x28dc0000, 0x28e96980, 0x28e96a00, 0x29870000)
 compacting perm gen  total 12288K, used 1589K [0x33870000, 0x34470000, 0x37870000)
   the space 12288K,  12% used [0x33870000, 0x339fd718, 0x339fd800, 0x34470000)
    ro space 10240K,  42% used [0x37870000, 0x37cb1d60, 0x37cb1e00, 0x38270000)
    rw space 12288K,  54% used [0x38270000, 0x388f2928, 0x388f2a00, 0x38e70000)
Event: 0.970 GC heap after
Heap after GC invocations=2 (full 0):
 def new generation   total 4928K, used 511K [0x23870000, 0x23dc0000, 0x28dc0000)
  eden space 4416K,   0% used [0x23870000, 0x23870000, 0x23cc0000)
  from space 512K,  99% used [0x23cc0000, 0x23d3fff0, 0x23d40000)
  to   space 512K,   0% used [0x23d40000, 0x23d40000, 0x23dc0000)
 tenured generation   total 10944K, used 1291K [0x28dc0000, 0x29870000, 0x33870000)
   the space 10944K,  11% used [0x28dc0000, 0x28f02c48, 0x28f02e00, 0x29870000)
 compacting perm gen  total 12288K, used 1589K [0x33870000, 0x34470000, 0x37870000)
   the space 12288K,  12% used [0x33870000, 0x339fd718, 0x339fd800, 0x34470000)
    ro space 10240K,  42% used [0x37870000, 0x37cb1d60, 0x37cb1e00, 0x38270000)
    rw space 12288K,  54% used [0x38270000, 0x388f2928, 0x388f2a00, 0x38e70000)
}
Event: 1.157 GC heap before
{Heap before GC invocations=2 (full 0):
 def new generation   total 4928K, used 4905K [0x23870000, 0x23dc0000, 0x28dc0000)
  eden space 4416K,  99% used [0x23870000, 0x23cba4d8, 0x23cc0000)
  from space 512K,  99% used [0x23cc0000, 0x23d3fff0, 0x23d40000)
  to   space 512K,   0% used [0x23d40000, 0x23d40000, 0x23dc0000)
 tenured generation   total 10944K, used 1291K [0x28dc0000, 0x29870000, 0x33870000)
   the space 10944K,  11% used [0x28dc0000, 0x28f02c48, 0x28f02e00, 0x29870000)
 compacting perm gen  total 12288K, used 1876K [0x33870000, 0x34470000, 0x37870000)
   the space 12288K,  15% used [0x33870000, 0x33a45338, 0x33a45400, 0x34470000)
    ro space 10240K,  42% used [0x37870000, 0x37cb1d60, 0x37cb1e00, 0x38270000)
    rw space 12288K,  54% used [0x38270000, 0x388f2928, 0x388f2a00, 0x38e70000)
Event: 1.160 GC heap after
Heap after GC invocations=3 (full 0):
 def new generation   total 4928K, used 509K [0x23870000, 0x23dc0000, 0x28dc0000)
  eden space 4416K,   0% used [0x23870000, 0x23870000, 0x23cc0000)
  from space 512K,  99% used [0x23d40000, 0x23dbf680, 0x23dc0000)
  to   space 512K,   0% used [0x23cc0000, 0x23cc0000, 0x23d40000)
 tenured generation   total 10944K, used 1595K [0x28dc0000, 0x29870000, 0x33870000)
   the space 10944K,  14% used [0x28dc0000, 0x28f4ef08, 0x28f4f000, 0x29870000)
 compacting perm gen  total 12288K, used 1876K [0x33870000, 0x34470000, 0x37870000)
   the space 12288K,  15% used [0x33870000, 0x33a45338, 0x33a45400, 0x34470000)
    ro space 10240K,  42% used [0x37870000, 0x37cb1d60, 0x37cb1e00, 0x38270000)
    rw space 12288K,  54% used [0x38270000, 0x388f2928, 0x388f2a00, 0x38e70000)
}
Event: 1.207 GC heap before
{Heap before GC invocations=3 (full 0):
 def new generation   total 4928K, used 4740K [0x23870000, 0x23dc0000, 0x28dc0000)
  eden space 4416K,  95% used [0x23870000, 0x23c91bc8, 0x23cc0000)
  from space 512K,  99% used [0x23d40000, 0x23dbf680, 0x23dc0000)
  to   space 512K,   0% used [0x23cc0000, 0x23cc0000, 0x23d40000)
 tenured generation   total 10944K, used 1595K [0x28dc0000, 0x29870000, 0x33870000)
   the space 10944K,  14% used [0x28dc0000, 0x28f4ef08, 0x28f4f000, 0x29870000)
 compacting perm gen  total 12288K, used 1876K [0x33870000, 0x34470000, 0x37870000)
   the space 12288K,  15% used [0x33870000, 0x33a45358, 0x33a45400, 0x34470000)
    ro space 10240K,  42% used [0x37870000, 0x37cb1d60, 0x37cb1e00, 0x38270000)
    rw space 12288K,  54% used [0x38270000, 0x388f2928, 0x388f2a00, 0x38e70000)
Event: 1.210 GC heap after
Heap after GC invocations=4 (full 0):
 def new generation   total 4928K, used 512K [0x23870000, 0x23dc0000, 0x28dc0000)
  eden space 4416K,   0% used [0x23870000, 0x23870000, 0x23cc0000)
  from space 512K, 100% used [0x23cc0000, 0x23d40000, 0x23d40000)
  to   space 512K,   0% used [0x23d40000, 0x23d40000, 0x23dc0000)
 tenured generation   total 10944K, used 2203K [0x28dc0000, 0x29870000, 0x33870000)
   the space 10944K,  20% used [0x28dc0000, 0x28fe6d38, 0x28fe6e00, 0x29870000)
 compacting perm gen  total 12288K, used 1876K [0x33870000, 0x34470000, 0x37870000)
   the space 12288K,  15% used [0x33870000, 0x33a45358, 0x33a45400, 0x34470000)
    ro space 10240K,  42% used [0x37870000, 0x37cb1d60, 0x37cb1e00, 0x38270000)
    rw space 12288K,  54% used [0x38270000, 0x388f2928, 0x388f2a00, 0x38e70000)
}

Deoptimization events (0 events):
No events

Internal exceptions (10 events):
Event: 1.250 Thread 0x041d7000 Threw 0x23b6f158 at C:\jdk7u2_32P\jdk7u17\hotspot\src\share\vm\prims\jvm.cpp:1166
Event: 1.251 Thread 0x041d7000 Threw 0x23b73ff0 at C:\jdk7u2_32P\jdk7u17\hotspot\src\share\vm\prims\jvm.cpp:1166
Event: 1.251 Thread 0x041d7000 Threw 0x23b7aaf8 at C:\jdk7u2_32P\jdk7u17\hotspot\src\share\vm\prims\jvm.cpp:1166
Event: 1.252 Thread 0x041d7000 Threw 0x23b951d8 at C:\jdk7u2_32P\jdk7u17\hotspot\src\share\vm\prims\jvm.cpp:1166
Event: 1.254 Thread 0x041d7000 Threw 0x23b9a798 at C:\jdk7u2_32P\jdk7u17\hotspot\src\share\vm\prims\jvm.cpp:1166
Event: 1.255 Thread 0x041d7000 Threw 0x23b9e180 at C:\jdk7u2_32P\jdk7u17\hotspot\src\share\vm\prims\jvm.cpp:1166
Event: 1.256 Thread 0x041d7000 Threw 0x23ba1208 at C:\jdk7u2_32P\jdk7u17\hotspot\src\share\vm\prims\jvm.cpp:1166
Event: 1.264 Thread 0x041d7000 Threw 0x23badd28 at C:\jdk7u2_32P\jdk7u17\hotspot\src\share\vm\prims\jvm.cpp:1166
Event: 1.265 Thread 0x041d7000 Threw 0x23bb1978 at C:\jdk7u2_32P\jdk7u17\hotspot\src\share\vm\prims\jvm.cpp:1166
Event: 1.266 Thread 0x041d7000 Threw 0x23bb52e8 at C:\jdk7u2_32P\jdk7u17\hotspot\src\share\vm\prims\jvm.cpp:1166

Events (10 events):
Event: 1.255 loading class 0x04177540 done
Event: 1.256 loading class 0x041fa080
Event: 1.256 loading class 0x041fa080 done
Event: 1.264 loading class 0x041e7a20
Event: 1.264 loading class 0x041e7a20 done
Event: 1.265 loading class 0x07c1ab90
Event: 1.265 loading class 0x07c1ab90 done
Event: 1.266 loading class 0x07bc86e8
Event: 1.266 loading class 0x07bc86e8 done
Event: 1.267 Thread 0x041d8400 Thread added: 0x041d8400


Dynamic libraries:
0x012e0000 - 0x0130f000 	C:\Program Files\Java\jre7\bin\javaw.exe
0x771d0000 - 0x7730c000 	C:\Windows\SYSTEM32\ntdll.dll
0x75660000 - 0x75734000 	C:\Windows\system32\kernel32.dll
0x75610000 - 0x7565b000 	C:\Windows\system32\KERNELBASE.dll
0x76b50000 - 0x76bf0000 	C:\Windows\system32\ADVAPI32.dll
0x76aa0000 - 0x76b4c000 	C:\Windows\system32\msvcrt.dll
0x77380000 - 0x77399000 	C:\Windows\SYSTEM32\sechost.dll
0x77000000 - 0x770a1000 	C:\Windows\system32\RPCRT4.dll
0x76d10000 - 0x76dd9000 	C:\Windows\system32\USER32.dll
0x75ba0000 - 0x75bee000 	C:\Windows\system32\GDI32.dll
0x773f0000 - 0x773fa000 	C:\Windows\system32\LPK.dll
0x758b0000 - 0x7594d000 	C:\Windows\system32\USP10.dll
0x74190000 - 0x7432e000 	C:\Windows\WinSxS\x86_microsoft.windows.common-controls_6595b64144ccf1df_6.0.7601.17514_none_41e6975e2bd6f2b2\COMCTL32.dll
0x76840000 - 0x76897000 	C:\Windows\system32\SHLWAPI.dll
0x77360000 - 0x7737f000 	C:\Windows\system32\IMM32.DLL
0x75ad0000 - 0x75b9c000 	C:\Windows\system32\MSCTF.dll
0x63f50000 - 0x6400e000 	C:\Program Files\Java\jre7\bin\msvcr100.dll
0x65660000 - 0x659ac000 	C:\Program Files\Java\jre7\bin\client\jvm.dll
0x70e70000 - 0x70e77000 	C:\Windows\system32\WSOCK32.dll
0x768a0000 - 0x768d5000 	C:\Windows\system32\WS2_32.dll
0x77320000 - 0x77326000 	C:\Windows\system32\NSI.dll
0x73a90000 - 0x73ac2000 	C:\Windows\system32\WINMM.dll
0x75740000 - 0x75745000 	C:\Windows\system32\PSAPI.DLL
0x705f0000 - 0x705fc000 	C:\Program Files\Java\jre7\bin\verify.dll
0x705d0000 - 0x705f0000 	C:\Program Files\Java\jre7\bin\java.dll
0x6fb80000 - 0x6fb93000 	C:\Program Files\Java\jre7\bin\zip.dll
0x6cec0000 - 0x6cf3f000 	C:\Users\Administrator\AppData\Local\Temp\libgdxAdministrator\3406029919\gdx.dll
0x10000000 - 0x1004c000 	C:\Users\Administrator\AppData\Local\Temp\libgdxAdministrator\658158746\lwjgl.dll
0x63740000 - 0x63808000 	C:\Windows\system32\OPENGL32.dll
0x64900000 - 0x64922000 	C:\Windows\system32\GLU32.dll
0x63110000 - 0x631f7000 	C:\Windows\system32\DDRAW.dll
0x692d0000 - 0x692d6000 	C:\Windows\system32\DCIMAN32.dll
0x76e60000 - 0x76ffd000 	C:\Windows\system32\SETUPAPI.dll
0x753e0000 - 0x75407000 	C:\Windows\system32\CFGMGR32.dll
0x75950000 - 0x759df000 	C:\Windows\system32\OLEAUT32.dll
0x75750000 - 0x758ac000 	C:\Windows\system32\ole32.dll
0x75410000 - 0x75422000 	C:\Windows\system32\DEVOBJ.dll
0x73d30000 - 0x73d43000 	C:\Windows\system32\dwmapi.dll
0x74ea0000 - 0x74ea9000 	C:\Windows\system32\VERSION.dll
0x03f30000 - 0x03f97000 	C:\Users\ADMINI~1\AppData\Local\Temp\libgdxAdministrator\658158746\OpenAL32.dll
0x75bf0000 - 0x7683a000 	C:\Windows\system32\SHELL32.dll
0x752e0000 - 0x752ec000 	C:\Windows\system32\CRYPTBASE.dll
0x74050000 - 0x74090000 	C:\Windows\system32\uxtheme.dll
0x03e20000 - 0x03e58000 	D:\QvodPlayer\QvodExtend\5.0.83.0\QvodExtend.dll
0x75a40000 - 0x75ac3000 	C:\Windows\system32\CLBCatQ.DLL
0x74090000 - 0x74185000 	C:\Windows\System32\PROPSYS.dll
0x75430000 - 0x7545d000 	C:\Windows\system32\WINTRUST.dll
0x75460000 - 0x7557e000 	C:\Windows\system32\CRYPT32.dll
0x753d0000 - 0x753dc000 	C:\Windows\system32\MSASN1.dll
0x68050000 - 0x680c2000 	C:\Windows\system32\dsound.dll
0x74e50000 - 0x74e75000 	C:\Windows\system32\POWRPROF.dll
0x74010000 - 0x74049000 	C:\Windows\System32\MMDevApi.dll
0x72f10000 - 0x72f46000 	C:\Windows\system32\AUDIOSES.DLL
0x05320000 - 0x05dc4000 	C:\Windows\system32\ig4icd32.dll
0x67fd0000 - 0x68049000 	C:\Windows\system32\mscms.dll
0x74f60000 - 0x74f77000 	C:\Windows\system32\USERENV.dll
0x75360000 - 0x7536b000 	C:\Windows\system32\profapi.dll
0x64850000 - 0x64888000 	C:\Windows\system32\icm32.dll
0x70ed0000 - 0x70fbb000 	C:\Windows\system32\dbghelp.dll

VM Arguments:
jvm_args: -Dfile.encoding=GBK 
java_command: com.mrljdx.llk.Main
Launcher Type: SUN_STANDARD

Environment Variables:
JAVA_HOME=C:\Program Files\Java\jdk1.7.0
PATH=C:/Program Files/Java/jre7/bin/client;C:/Program Files/Java/jre7/bin;C:/Program Files/Java/jre7/lib/i386;C:\Windows\system32;C:\Windows;C:\Windows\System32\Wbem;C:\Windows\System32\WindowsPowerShell\v1.0\;D:\AndroidPro\android-sdk-windows\tools;C:\Program Files\Java\jdk1.7.0\bin;D:\AndroidPro\android-ndk-r8b;D:\Program Files\Lua\5.1;D:\Program Files\Lua\5.1\clibs;D:\AndroidPro\AndroidEve\adt-bundle-windows-x86-20130219\sdk\tools;D:\AndroidPro\AndroidEve\android-ndk-r8e;C:\Program Files\Microsoft Visual Studio\Common\Tools\WinNT;C:\Program Files\Microsoft Visual Studio\Common\MSDev98\Bin;C:\Program Files\Microsoft Visual Studio\Common\Tools;C:\Program Files\Microsoft Visual Studio\VC98\bin;D:\AndroidPro\AndroidEve\adt-bundle-windows-x86-20130219\eclipse;
USERNAME=Administrator
OS=Windows_NT
PROCESSOR_IDENTIFIER=x86 Family 6 Model 23 Stepping 10, GenuineIntel



---------------  S Y S T E M  ---------------

OS: Windows 7 Build 7601 Service Pack 1

CPU:total 2 (2 cores per cpu, 1 threads per core) family 6 model 23 stepping 10, cmov, cx8, fxsr, mmx, sse, sse2, sse3, ssse3, tsc

Memory: 4k page, physical 3634296k(1489988k free), swap 7266840k(4336124k free)

vm_info: Java HotSpot(TM) Client VM (23.7-b01) for windows-x86 JRE (1.7.0_17-b02), built on Mar  1 2013 05:04:36 by "java_re" with unknown MS VC++:1600

time: Wed May 22 12:56:43 2013
elapsed time: 1 seconds

